<?xml version="1.0" encoding="UTF-8" ?>
<testsuite failures="0" time="0.006" errors="0" skipped="0" tests="3" name="test.AppTest">
  <properties>
    <property name="java.runtime.name" value="Java(TM) SE Runtime Environment"/>
    <property name="sun.boot.library.path" value="c:\Users\abr\environment\lang\jdk\jre\bin"/>
    <property name="java.vm.version" value="24.60-b09"/>
    <property name="java.vm.vendor" value="Oracle Corporation"/>
    <property name="java.vendor.url" value="http://java.oracle.com/"/>
    <property name="path.separator" value=";"/>
    <property name="guice.disable.misplaced.annotation.check" value="true"/>
    <property name="java.vm.name" value="Java HotSpot(TM) 64-Bit Server VM"/>
    <property name="file.encoding.pkg" value="sun.io"/>
    <property name="user.script" value=""/>
    <property name="user.country" value="GB"/>
    <property name="sun.java.launcher" value="SUN_STANDARD"/>
    <property name="sun.os.patch.level" value="Service Pack 1"/>
    <property name="java.vm.specification.name" value="Java Virtual Machine Specification"/>
    <property name="user.dir" value="c:\Users\abr\MavenTest"/>
    <property name="java.runtime.version" value="1.7.0_60-b19"/>
    <property name="java.awt.graphicsenv" value="sun.awt.Win32GraphicsEnvironment"/>
    <property name="java.endorsed.dirs" value="c:\Users\abr\environment\lang\jdk\jre\lib\endorsed"/>
    <property name="os.arch" value="amd64"/>
    <property name="java.io.tmpdir" value="C:\Users\abr\AppData\Local\Temp\"/>
    <property name="line.separator" value="
"/>
    <property name="java.vm.specification.vendor" value="Oracle Corporation"/>
    <property name="user.variant" value=""/>
    <property name="os.name" value="Windows 7"/>
    <property name="classworlds.conf" value="c:/Users/abr/environment/lang/maven/bin/m2.conf"/>
    <property name="sun.jnu.encoding" value="Cp1252"/>
    <property name="java.library.path" value="c:\Users\abr\environment\lang\jdk\bin;C:\windows\Sun\Java\bin;C:\windows\system32;C:\windows;c:\Users\abr\bin;.;C:\Users\abr\AppData\Local\Programs\Git\local\bin;C:\Users\abr\AppData\Local\Programs\Git\mingw\bin;C:\Users\abr\AppData\Local\Programs\Git\bin;c:\Perl64\site\bin;c:\Perl64\bin;c:\windows\system32;c:\windows;c:\windows\System32\Wbem;c:\windows\System32\WindowsPowerShell\v1.0\;c:\Program Files\TortoiseGit\bin;c:\Program Files\MySQL\MySQL Enterprise Backup 3.10.1\;c:\Program Files (x86)\MySQL\MySQL Utilities 1.3.6\;c:\Users\abr\environment\lang\jdk\bin;c:\Users\abr\environment\lang\groovy\bin;c:\Users\abr\environment\lang\grails\bin;c:\Users\abr\environment\lang\maven\bin;c:\Users\abr\environment\bin\cURL;c:\Users\abr\environment\bin\7-Zip;c:\Perl64\site\bin;c:\Perl64\bin;c:\windows\system32;c:\windows;c:\windows\System32\Wbem;c:\windows\System32\WindowsPowerShell\v1.0\;c:\Program Files\TortoiseGit\bin;c:\Program Files (x86)\Mozilla Firefox;."/>
    <property name="java.specification.name" value="Java Platform API Specification"/>
    <property name="java.class.version" value="51.0"/>
    <property name="sun.management.compiler" value="HotSpot 64-Bit Tiered Compilers"/>
    <property name="os.version" value="6.1"/>
    <property name="user.home" value="C:\Users\abr"/>
    <property name="user.timezone" value="Europe/London"/>
    <property name="java.awt.printerjob" value="sun.awt.windows.WPrinterJob"/>
    <property name="java.specification.version" value="1.7"/>
    <property name="file.encoding" value="Cp1252"/>
    <property name="user.name" value="abr"/>
    <property name="java.class.path" value="c:/Users/abr/environment/lang/maven/boot/plexus-classworlds-2.5.1.jar"/>
    <property name="org.slf4j.simpleLogger.defaultLogLevel" value="info"/>
    <property name="java.vm.specification.version" value="1.7"/>
    <property name="sun.arch.data.model" value="64"/>
    <property name="java.home" value="c:\Users\abr\environment\lang\jdk\jre"/>
    <property name="sun.java.command" value="org.codehaus.plexus.classworlds.launcher.Launcher clean install"/>
    <property name="java.specification.vendor" value="Oracle Corporation"/>
    <property name="user.language" value="en"/>
    <property name="awt.toolkit" value="sun.awt.windows.WToolkit"/>
    <property name="java.vm.info" value="mixed mode"/>
    <property name="java.version" value="1.7.0_60"/>
    <property name="java.ext.dirs" value="c:\Users\abr\environment\lang\jdk\jre\lib\ext;C:\windows\Sun\Java\lib\ext"/>
    <property name="sun.boot.class.path" value="c:\Users\abr\environment\lang\jdk\jre\lib\resources.jar;c:\Users\abr\environment\lang\jdk\jre\lib\rt.jar;c:\Users\abr\environment\lang\jdk\jre\lib\sunrsasign.jar;c:\Users\abr\environment\lang\jdk\jre\lib\jsse.jar;c:\Users\abr\environment\lang\jdk\jre\lib\jce.jar;c:\Users\abr\environment\lang\jdk\jre\lib\charsets.jar;c:\Users\abr\environment\lang\jdk\jre\lib\jfr.jar;c:\Users\abr\environment\lang\jdk\jre\classes"/>
    <property name="java.vendor" value="Oracle Corporation"/>
    <property name="maven.home" value="c:\Users\abr\environment\lang\maven"/>
    <property name="file.separator" value="\"/>
    <property name="java.vendor.url.bug" value="http://bugreport.sun.com/bugreport/"/>
    <property name="sun.cpu.endian" value="little"/>
    <property name="sun.io.unicode.encoding" value="UnicodeLittle"/>
    <property name="sun.desktop" value="windows"/>
    <property name="sun.cpu.isalist" value="amd64"/>
  </properties>
  <testcase time="0.006" classname="test.AppTest" name="testAdd"/>
  <testcase time="0" classname="test.AppTest" name="testConcatenate"/>
  <testcase time="0" classname="test.AppTest" name="testMultiply"/>
</testsuite>